<?xml version="1.0" encoding="UTF-8"?>
<!-- Generated by org.testng.reporters.JUnitXMLReporter -->
<testsuite ignored="0" hostname="DESKTOP-FR5NQIN" failures="1" tests="4" name="Register" time="13.664" errors="0" timestamp="29 Nov 2018 15:31:22 GMT">
  <testcase classname="Railway.RegisterTest" name="TC000" time="2.546"/>
  <testcase classname="Railway.RegisterTest" name="TC07" time="3.902"/>
  <testcase classname="Railway.RegisterTest" name="TC10" time="0.53"/>
  <testcase classname="Railway.RegisterTest" name="TC11" time="0.519">
    <failure type="java.lang.AssertionError" message="The following asserts failed:
	expected [Invalid password length.] but found [Invalid password length],
	expected [Invalid ID length.] but found [Invalid ID length]">
      <![CDATA[java.lang.AssertionError: The following asserts failed:
expected [Invalid password length.] but found [Invalid password length],
expected [Invalid ID length.] but found [Invalid ID length]
at Railway.RegisterTest.TC11(RegisterTest.java:46)
... Removed 26 stack frames]]>
    </failure>
  </testcase> <!-- TC11 -->
</testsuite> <!-- Register -->
